<?xml version="1.0" encoding="UTF-8"?>
<!-- Generated by org.testng.reporters.JUnitReportReporter -->
<testsuite hostname="DESKTOP-A64ID4L" failures="0" tests="1" name="testcases.WebTest" time="1.370" errors="0" timestamp="2025-07-16T02:15:26 MSK" skipped="0">
  <testcase classname="testcases.WebTest" name="testPageTitle" time="1.370"/>
</testsuite> <!-- testcases.WebTest -->
